<?xml version="1.0" encoding="utf-8"?><testsuites><testsuite errors="0" failures="0" hostname="36bb7a59feeb" name="pytest" skipped="0" tests="4" time="0.348" timestamp="2021-02-13T06:57:31.082089"><testcase classname="tests.steps.step_defs.test_create_user" name="test_create_user" time="0.001" /><testcase classname="tests.steps.step_defs.test_create_user" name="test_testing_with_valid_xaccesstoken_and_user_is_as_admin[Admin-12345-TestU1-Test123-200-New user created!]" time="0.088" /><testcase classname="tests.steps.step_defs.test_create_user" name="test_testing_with_valid_xaccesstoken_but_user_is_not_as_admin[Aashi-2017-TestUser2-Test2-200-Token user is not admin so cannot perform that function!]" time="0.050" /><testcase classname="tests.steps.step_defs.test_create_user" name="test_testing_with_invalid_xaccesstoken[ezJ0eXAiOiJKV1QiLCJhbGciOiJIUzI1NiJ9.eyJwdWJsaWNfaWQiOiIzN2EwNGM1ZC00Y2U1LTRmN2UtYjBhOC1mNjAzNDU1OWE5ZDYiLCJleHAiOjE2MTMxNjA5Njd9.wP76DoBmB3icWFwxeG7nXL0Na-USo--6ECKWKJcYg00-TestUser3-Test3-401]" time="0.026" /></testsuite></testsuites>