<?xml version="1.0" encoding="utf-8"?><testsuites><testsuite errors="0" failures="0" hostname="36bb7a59feeb" name="pytest" skipped="0" tests="2" time="0.248" timestamp="2021-02-13T06:57:33.301906"><testcase classname="tests.steps.step_defs.test_promote_user" name="test_promote_user" time="0.001" /><testcase classname="tests.steps.step_defs.test_promote_user" name="test_testing_with_valid_xaccesstoken_and_user_is_as_admin[Admin-12345-TestU1-200-The user has been promoted as admin!]" time="0.085" /></testsuite></testsuites>