<?xml version="1.0" encoding="utf-8"?><testsuites><testsuite errors="0" failures="0" hostname="36bb7a59feeb" name="pytest" skipped="0" tests="4" time="0.291" timestamp="2021-02-13T06:57:32.594900"><testcase classname="tests.steps.step_defs.test_user_list" name="test_user_list" time="0.001" /><testcase classname="tests.steps.step_defs.test_user_list" name="test_testing_with_valid_xaccesstoken_and_user_is_as_admin[Admin-12345-200]" time="0.052" /><testcase classname="tests.steps.step_defs.test_user_list" name="test_testing_with_valid_xaccesstoken_but_user_is_not_as_admin[Aashi-2017-200-User is not admin so Cannot perform that function!]" time="0.049" /><testcase classname="tests.steps.step_defs.test_user_list" name="test_testing_with_invalid_xaccesstoken[ezJ0eXAiOiJKV1QiLCJhbGciOiJIUzI1NiJ9.eyJwdWJsaWNfaWQiOiIzN2EwNGM1ZC00Y2U1LTRmN2UtYjBhOC1mNjAzNDU1OWE5ZDYiLCJleHAiOjE2MTMxNjA5Njd9.wP76DoBmB3icWFwxeG7nXL0Na-USo--6ECKWKJcYg00-401]" time="0.021" /></testsuite></testsuites>